<?xml version="1.0" encoding="UTF-8"?>
<testng-results ignored="0" total="1" passed="1" failed="0" skipped="0">
  <reporter-output>
  </reporter-output>
  <suite started-at="2024-01-05T00:11:38 CST" name="Default suite" finished-at="2024-01-05T00:11:49 CST" duration-ms="10502">
    <groups>
    </groups>
    <test started-at="2024-01-05T00:11:38 CST" name="Default test" finished-at="2024-01-05T00:11:49 CST" duration-ms="10502">
      <class name="swaglabtestcases.CheckoutOverviewTestCasesUsingPOM">
        <test-method signature="finishCheckout()[pri:0, instance:swaglabtestcases.CheckoutOverviewTestCasesUsingPOM@5a56cdac]" started-at="2024-01-05T00:11:38 CST" name="finishCheckout" finished-at="2024-01-05T00:11:49 CST" duration-ms="10386" status="PASS">
          <reporter-output>
          </reporter-output>
        </test-method> <!-- finishCheckout -->
      </class> <!-- swaglabtestcases.CheckoutOverviewTestCasesUsingPOM -->
    </test> <!-- Default test -->
  </suite> <!-- Default suite -->
</testng-results>
